<?xml version="1.0" encoding="UTF-8"?>
<!-- Generated by org.testng.reporters.JUnitXMLReporter -->
<testsuite hostname="LokeshBS" ignored="12" name="Test" tests="1" failures="0" timestamp="2020-07-07T22:45:44 IST" time="0.103" errors="0">
  <testcase name="loginByFacebook" time="0.019" classname="BatchExecution.LoginTests"/>
  <testcase name="loginByEmail" time="0.0" classname="BatchExecution.LoginTests">
    <ignored/>
  </testcase> <!-- loginByEmail -->
  <testcase name="googleTest" time="0.0" classname="parallelexecution.Parallel_test1">
    <ignored/>
  </testcase> <!-- googleTest -->
  <testcase name="yahooTest" time="0.0" classname="parallelexecution.Parallel_test2">
    <ignored/>
  </testcase> <!-- yahooTest -->
  <testcase name="rediffTest" time="0.0" classname="parallelexecution.Parallel_test2">
    <ignored/>
  </testcase> <!-- rediffTest -->
  <testcase name="paymentInDollors" time="0.0" classname="BatchExecution.paymentsTests">
    <ignored/>
  </testcase> <!-- paymentInDollors -->
  <testcase name="signUpByEmail" time="0.0" classname="BatchExecution.SignUptests">
    <ignored/>
  </testcase> <!-- signUpByEmail -->
  <testcase name="paymentInrupees" time="0.0" classname="BatchExecution.paymentsTests">
    <ignored/>
  </testcase> <!-- paymentInrupees -->
  <testcase name="loginBytwitter" time="0.0" classname="BatchExecution.LoginTests">
    <ignored/>
  </testcase> <!-- loginBytwitter -->
  <testcase name="signUpByTwitter" time="0.0" classname="BatchExecution.SignUptests">
    <ignored/>
  </testcase> <!-- signUpByTwitter -->
  <testcase name="amazonTest" time="0.0" classname="parallelexecution.Parallel_test1">
    <ignored/>
  </testcase> <!-- amazonTest -->
  <testcase name="signUpByfacebook" time="0.0" classname="BatchExecution.SignUptests">
    <ignored/>
  </testcase> <!-- signUpByfacebook -->
  <testcase name="paymentReturnByBank" time="0.0" classname="BatchExecution.PaymentReturnTests">
    <ignored/>
  </testcase> <!-- paymentReturnByBank -->
</testsuite> <!-- Test -->
