<?xml version="1.0" encoding="UTF-8"?>
<!-- Generated by org.testng.reporters.JUnitXMLReporter -->
<testsuite hostname="LokeshBS" ignored="0" name="Test" tests="2" failures="1" timestamp="2020-07-09T15:02:34 IST" time="0.119" errors="0">
  <testcase name="loginByEmail" time="0.018" classname="listeners.LoginTests"/>
  <testcase name="loginByFB" time="0.003" classname="listeners.LoginTests">
    <failure type="java.lang.AssertionError" message="expected [false] but found [true]">
      <![CDATA[java.lang.AssertionError: expected [false] but found [true]
at listeners.LoginTests.loginByFB(LoginTests.java:19)
at java.util.ArrayList.forEach(ArrayList.java:1257)
... Removed 32 stack frames]]>
    </failure>
  </testcase> <!-- loginByFB -->
</testsuite> <!-- Test -->
