<?xml version="1.0" encoding="UTF-8"?>
<!-- Generated by org.testng.reporters.JUnitXMLReporter -->
<testsuite hostname="LokeshBS" ignored="0" name="Functional tests" tests="3" failures="0" timestamp="2020-07-07T18:40:49 IST" time="0.024" errors="0">
  <testcase name="paymentReturnByBank" time="0.003" classname="BatchExecution.PaymentReturnTests"/>
  <testcase name="paymentInDollors" time="0.003" classname="BatchExecution.paymentsTests"/>
  <testcase name="paymentInrupees" time="0.003" classname="BatchExecution.paymentsTests"/>
</testsuite> <!-- Functional tests -->
