<?xml version="1.0" encoding="UTF-8"?>
<!-- Generated by org.testng.reporters.JUnitXMLReporter -->
<testsuite hostname="LokeshBS" ignored="0" name="sanity tests" tests="6" failures="0" timestamp="2020-07-07T18:40:49 IST" time="0.164" errors="0">
  <testcase name="loginByEmail" time="0.021" classname="BatchExecution.LoginTests"/>
  <testcase name="loginByFacebook" time="0.003" classname="BatchExecution.LoginTests"/>
  <testcase name="loginBytwitter" time="0.004" classname="BatchExecution.LoginTests"/>
  <testcase name="signUpByEmail" time="0.003" classname="BatchExecution.SignUptests"/>
  <testcase name="signUpByTwitter" time="0.003" classname="BatchExecution.SignUptests"/>
  <testcase name="signUpByfacebook" time="0.003" classname="BatchExecution.SignUptests"/>
</testsuite> <!-- sanity tests -->
